MongoDB logging. Please note that logging negatively impacts performance and should be disabled for high-performance production apps.
MONGODB admin['$cmd'].find({:ismaster=>1}).limit(-1)
DEPRECATION WARNING: config.action_view.debug_rjs will be removed in 3.1, from 3.1 onwards you will need to install prototype-rails to continue to use RJS templates . (called from service at /System/Library/Frameworks/Ruby.framework/Versions/1.8/usr/lib/ruby/1.8/webrick/httpserver.rb:104)


Started GET "/users/sign_in" for 127.0.0.1 at Mon Oct 24 19:29:16 -0200 2011
  Processing by Devise::SessionsController#new as HTML
Rendered devise/sessions/new.html.erb (99.0ms)
Completed 200 OK in 107ms (Views: 105.6ms | ActiveRecord: 0.0ms)


Started POST "/users/sign_in" for 127.0.0.1 at Mon Oct 24 19:29:18 -0200 2011
  Processing by Devise::SessionsController#create as HTML
  Parameters: {"commit"=>"Sign in", "authenticity_token"=>"QGsF156u+tZGpEURbvJYTWTsyJuId80dFeD579mHJIU=", "utf8"=>"\342\234\223", "user"=>{"password"=>"[FILTERED]", "email"=>"diego.ttg@gmail.com"}}
MONGODB openkeywords_development['system.namespaces'].find({})
MONGODB openkeywords_development['users'].find({:email=>"diego.ttg@gmail.com"}).limit(-1).sort(_idasc)
Completed   in 87ms
  Processing by Devise::SessionsController#new as HTML
  Parameters: {"commit"=>"Sign in", "authenticity_token"=>"QGsF156u+tZGpEURbvJYTWTsyJuId80dFeD579mHJIU=", "utf8"=>"\342\234\223", "user"=>{"password"=>"[FILTERED]", "email"=>"diego.ttg@gmail.com"}}
Rendered devise/sessions/new.html.erb (4.1ms)
Completed 200 OK in 102ms (Views: 10.2ms | ActiveRecord: 0.0ms)


Started POST "/users/sign_in" for 127.0.0.1 at Mon Oct 24 19:29:25 -0200 2011
  Processing by Devise::SessionsController#create as HTML
  Parameters: {"commit"=>"Sign in", "authenticity_token"=>"QGsF156u+tZGpEURbvJYTWTsyJuId80dFeD579mHJIU=", "utf8"=>"\342\234\223", "user"=>{"password"=>"[FILTERED]", "email"=>"diego.ttg@gmail.com"}}
MONGODB openkeywords_development['system.namespaces'].find({})
MONGODB openkeywords_development['users'].find({:email=>"diego.ttg@gmail.com"}).limit(-1).sort(_idasc)
Completed   in 41ms
  Processing by Devise::SessionsController#new as HTML
  Parameters: {"commit"=>"Sign in", "authenticity_token"=>"QGsF156u+tZGpEURbvJYTWTsyJuId80dFeD579mHJIU=", "utf8"=>"\342\234\223", "user"=>{"password"=>"[FILTERED]", "email"=>"diego.ttg@gmail.com"}}
Rendered devise/sessions/new.html.erb (5.0ms)
Completed 200 OK in 99ms (Views: 12.0ms | ActiveRecord: 0.0ms)


Started POST "/users/sign_in" for 127.0.0.1 at Mon Oct 24 19:29:26 -0200 2011
  Processing by Devise::SessionsController#create as HTML
  Parameters: {"commit"=>"Sign in", "authenticity_token"=>"QGsF156u+tZGpEURbvJYTWTsyJuId80dFeD579mHJIU=", "utf8"=>"\342\234\223", "user"=>{"password"=>"[FILTERED]", "email"=>"diego.ttg@gmail.com"}}
MONGODB openkeywords_development['system.namespaces'].find({})
MONGODB openkeywords_development['users'].find({:email=>"diego.ttg@gmail.com"}).limit(-1).sort(_idasc)
Completed   in 142ms
  Processing by Devise::SessionsController#new as HTML
  Parameters: {"commit"=>"Sign in", "authenticity_token"=>"QGsF156u+tZGpEURbvJYTWTsyJuId80dFeD579mHJIU=", "utf8"=>"\342\234\223", "user"=>{"password"=>"[FILTERED]", "email"=>"diego.ttg@gmail.com"}}
Rendered devise/sessions/new.html.erb (5.8ms)
Completed 200 OK in 103ms (Views: 12.2ms | ActiveRecord: 0.0ms)


Started POST "/users/sign_in" for 127.0.0.1 at Mon Oct 24 19:29:35 -0200 2011
  Processing by Devise::SessionsController#create as HTML
  Parameters: {"commit"=>"Sign in", "authenticity_token"=>"QGsF156u+tZGpEURbvJYTWTsyJuId80dFeD579mHJIU=", "utf8"=>"\342\234\223", "user"=>{"password"=>"[FILTERED]", "email"=>"diego.ttg@gmail.com"}}
MONGODB openkeywords_development['system.namespaces'].find({})
MONGODB openkeywords_development['users'].find({:email=>"diego.ttg@gmail.com"}).limit(-1).sort(_idasc)
Completed   in 40ms
  Processing by Devise::SessionsController#new as HTML
  Parameters: {"commit"=>"Sign in", "authenticity_token"=>"QGsF156u+tZGpEURbvJYTWTsyJuId80dFeD579mHJIU=", "utf8"=>"\342\234\223", "user"=>{"password"=>"[FILTERED]", "email"=>"diego.ttg@gmail.com"}}
Rendered devise/sessions/new.html.erb (4.2ms)
Completed 200 OK in 102ms (Views: 10.0ms | ActiveRecord: 0.0ms)


Started POST "/users/sign_in" for 127.0.0.1 at Mon Oct 24 19:29:42 -0200 2011
  Processing by Devise::SessionsController#create as HTML
  Parameters: {"commit"=>"Sign in", "authenticity_token"=>"QGsF156u+tZGpEURbvJYTWTsyJuId80dFeD579mHJIU=", "utf8"=>"\342\234\223", "user"=>{"password"=>"[FILTERED]", "email"=>"diego.ttg@gmail.com"}}
MONGODB openkeywords_development['system.namespaces'].find({})
MONGODB openkeywords_development['users'].find({:email=>"diego.ttg@gmail.com"}).limit(-1).sort(_idasc)
Completed   in 39ms
  Processing by Devise::SessionsController#new as HTML
  Parameters: {"commit"=>"Sign in", "authenticity_token"=>"QGsF156u+tZGpEURbvJYTWTsyJuId80dFeD579mHJIU=", "utf8"=>"\342\234\223", "user"=>{"password"=>"[FILTERED]", "email"=>"diego.ttg@gmail.com"}}
Rendered devise/sessions/new.html.erb (4.2ms)
Completed 200 OK in 97ms (Views: 10.0ms | ActiveRecord: 0.0ms)


Started POST "/users/sign_in" for 127.0.0.1 at Mon Oct 24 19:32:03 -0200 2011
  Processing by Devise::SessionsController#create as HTML
  Parameters: {"commit"=>"Sign in", "authenticity_token"=>"QGsF156u+tZGpEURbvJYTWTsyJuId80dFeD579mHJIU=", "utf8"=>"\342\234\223", "user"=>{"password"=>"[FILTERED]", "email"=>"diego.ttg@gmail.com"}}
MONGODB openkeywords_development['system.namespaces'].find({})
MONGODB openkeywords_development['users'].find({:email=>"diego.ttg@gmail.com"}).limit(-1).sort(_idasc)
Completed   in 136ms
  Processing by Devise::SessionsController#new as HTML
  Parameters: {"commit"=>"Sign in", "authenticity_token"=>"QGsF156u+tZGpEURbvJYTWTsyJuId80dFeD579mHJIU=", "utf8"=>"\342\234\223", "user"=>{"password"=>"[FILTERED]", "email"=>"diego.ttg@gmail.com"}}
Rendered devise/sessions/new.html.erb (4.0ms)
Completed 200 OK in 99ms (Views: 9.8ms | ActiveRecord: 0.0ms)


Started POST "/users/sign_in" for 127.0.0.1 at Mon Oct 24 19:32:06 -0200 2011
  Processing by Devise::SessionsController#create as HTML
  Parameters: {"commit"=>"Sign in", "authenticity_token"=>"QGsF156u+tZGpEURbvJYTWTsyJuId80dFeD579mHJIU=", "utf8"=>"\342\234\223", "user"=>{"password"=>"[FILTERED]", "email"=>"diego.ttg@gmail.com"}}
MONGODB openkeywords_development['system.namespaces'].find({})
MONGODB openkeywords_development['users'].find({:email=>"diego.ttg@gmail.com"}).limit(-1).sort(_idasc)
Completed   in 132ms
  Processing by Devise::SessionsController#new as HTML
  Parameters: {"commit"=>"Sign in", "authenticity_token"=>"QGsF156u+tZGpEURbvJYTWTsyJuId80dFeD579mHJIU=", "utf8"=>"\342\234\223", "user"=>{"password"=>"[FILTERED]", "email"=>"diego.ttg@gmail.com"}}
Rendered devise/sessions/new.html.erb (4.3ms)
Completed 200 OK in 98ms (Views: 10.2ms | ActiveRecord: 0.0ms)


Started POST "/users/sign_in" for 127.0.0.1 at Mon Oct 24 19:32:11 -0200 2011
  Processing by Devise::SessionsController#create as HTML
  Parameters: {"commit"=>"Sign in", "authenticity_token"=>"QGsF156u+tZGpEURbvJYTWTsyJuId80dFeD579mHJIU=", "utf8"=>"\342\234\223", "user"=>{"password"=>"[FILTERED]", "email"=>""}}
Completed   in 38ms
  Processing by Devise::SessionsController#new as HTML
  Parameters: {"commit"=>"Sign in", "authenticity_token"=>"QGsF156u+tZGpEURbvJYTWTsyJuId80dFeD579mHJIU=", "utf8"=>"\342\234\223", "user"=>{"password"=>"[FILTERED]", "email"=>""}}
Rendered devise/sessions/new.html.erb (3.9ms)
Completed 200 OK in 95ms (Views: 9.4ms | ActiveRecord: 0.0ms)


Started GET "/" for 127.0.0.1 at Mon Oct 24 19:32:15 -0200 2011
  Processing by HomeController#index as HTML
Rendered home/index.html.erb within layouts/application (2.4ms)
Completed 200 OK in 158ms (Views: 10.9ms | ActiveRecord: 0.0ms)


Started GET "/stylesheets/..../images/css3buttons_backgrounds.png" for 127.0.0.1 at Mon Oct 24 19:32:15 -0200 2011

ActionController::RoutingError (No route matches "/stylesheets/..../images/css3buttons_backgrounds.png"):
  

Rendered /Library/Ruby/Gems/1.8/gems/actionpack-3.0.9/lib/action_dispatch/middleware/templates/rescues/routing_error.erb within rescues/layout (0.9ms)


Started GET "/users/sign_in" for 127.0.0.1 at Mon Oct 24 19:32:17 -0200 2011
  Processing by Devise::SessionsController#new as HTML
Rendered devise/sessions/new.html.erb (4.2ms)
Completed 200 OK in 146ms (Views: 9.8ms | ActiveRecord: 0.0ms)


Started POST "/users/sign_in" for 127.0.0.1 at Mon Oct 24 19:32:19 -0200 2011
  Processing by Devise::SessionsController#create as HTML
  Parameters: {"commit"=>"Sign in", "authenticity_token"=>"QGsF156u+tZGpEURbvJYTWTsyJuId80dFeD579mHJIU=", "utf8"=>"\342\234\223", "user"=>{"password"=>"[FILTERED]", "email"=>"diego.ttg@gmail.com"}}
MONGODB openkeywords_development['system.namespaces'].find({})
MONGODB openkeywords_development['users'].find({:email=>"diego.ttg@gmail.com"}).limit(-1).sort(_idasc)
Completed   in 43ms
  Processing by Devise::SessionsController#new as HTML
  Parameters: {"commit"=>"Sign in", "authenticity_token"=>"QGsF156u+tZGpEURbvJYTWTsyJuId80dFeD579mHJIU=", "utf8"=>"\342\234\223", "user"=>{"password"=>"[FILTERED]", "email"=>"diego.ttg@gmail.com"}}
Rendered devise/sessions/new.html.erb (4.4ms)
Completed 200 OK in 102ms (Views: 10.4ms | ActiveRecord: 0.0ms)


Started POST "/users/sign_in" for 127.0.0.1 at Mon Oct 24 19:32:21 -0200 2011
  Processing by Devise::SessionsController#create as HTML
  Parameters: {"commit"=>"Sign in", "authenticity_token"=>"QGsF156u+tZGpEURbvJYTWTsyJuId80dFeD579mHJIU=", "utf8"=>"\342\234\223", "user"=>{"password"=>"[FILTERED]", "email"=>"diego.ttg@gmail.com"}}
MONGODB openkeywords_development['system.namespaces'].find({})
MONGODB openkeywords_development['users'].find({:email=>"diego.ttg@gmail.com"}).limit(-1).sort(_idasc)
Completed   in 44ms
  Processing by Devise::SessionsController#new as HTML
  Parameters: {"commit"=>"Sign in", "authenticity_token"=>"QGsF156u+tZGpEURbvJYTWTsyJuId80dFeD579mHJIU=", "utf8"=>"\342\234\223", "user"=>{"password"=>"[FILTERED]", "email"=>"diego.ttg@gmail.com"}}
Rendered devise/sessions/new.html.erb (4.7ms)
Completed 200 OK in 102ms (Views: 10.9ms | ActiveRecord: 0.0ms)
